#
# A fatal error has been detected by the Java Runtime Environment:
#
#  EXCEPTION_ACCESS_VIOLATION (0xc0000005) at pc=0x00000001800087dd, pid=9472, tid=0x0000000000002e5c
#
# JRE version: Java(TM) SE Runtime Environment (8.0_144-b01) (build 1.8.0_144-b01)
# Java VM: Java HotSpot(TM) 64-Bit Server VM (25.144-b01 mixed mode windows-amd64 compressed oops)
# Problematic frame:
# C  [rxtxSerial.dll+0x87dd]
#
# Failed to write core dump. Minidumps are not enabled by default on client versions of Windows
#
# If you would like to submit a bug report, please visit:
#   http://bugreport.java.com/bugreport/crash.jsp
# The crash happened outside the Java Virtual Machine in native code.
# See problematic frame for where to report the bug.
#

---------------  T H R E A D  ---------------

Current thread (0x0000000019df7000):  JavaThread "AWT-EventQueue-0" [_thread_in_native, id=11868, stack(0x000000001ad80000,0x000000001ae80000)]

siginfo: ExceptionCode=0xc0000005, writing address 0x0000000000000100

Registers:
RAX=0x0000000000000000, RBX=0x000000001bad0ef0, RCX=0x0000000000000002, RDX=0x0000000000000000
RSP=0x000000001ae7c9f0, RBP=0x000000001ae7cc68, RSI=0x00000000194e8479, RDI=0x000000001bad1110
R8 =0x0000000000000000, R9 =0x0000000000000000, R10=0x000000001bad0000, R11=0x0000000000000001
R12=0x000000001ae7cc70, R13=0x000000001aff67f0, R14=0x000000001ae7cc70, R15=0x0000000019df7000
RIP=0x00000001800087dd, EFLAGS=0x0000000000010202

Top of Stack: (sp=0x000000001ae7c9f0)
0x000000001ae7c9f0:   000000001bad0ef0 00000000194e8470
0x000000001ae7ca00:   0000000019df7000 0000000000000009
0x000000001ae7ca10:   00000000194e8470 000000018000aab4
0x000000001ae7ca20:   0000000019df71f8 0000000000000106
0x000000001ae7ca30:   000000001aff67f0 000000001ae7cc70
0x000000001ae7ca40:   0000000019eac150 00000000194e8470
0x000000001ae7ca50:   000000001ae7cc68 000000018000b7fe
0x000000001ae7ca60:   0000000000000008 000000001aff67f0
0x000000001ae7ca70:   0000000019df71f8 0000000000000000
0x000000001ae7ca80:   0000000019df7000 0000000000000000
0x000000001ae7ca90:   000043d3d946213d 000000007fffffdc
0x000000001ae7caa0:   000000001ae7cb30 0000000000000042
0x000000001ae7cab0:   0000000019df71f8 0000000000000000
0x000000001ae7cac0:   00000000194e8470 000000018000213d
0x000000001ae7cad0:   000000001ae7cc68 000000018001c0b0
0x000000001ae7cae0:   0000000000000000 0000000180000000 

Instructions: (pc=0x00000001800087dd)
0x00000001800087bd:   00 00 7e 3d 48 8b 87 08 01 00 00 48 89 bb 00 01
0x00000001800087cd:   00 00 48 89 83 08 01 00 00 48 8b 87 08 01 00 00
0x00000001800087dd:   48 89 98 00 01 00 00 48 89 9f 08 01 00 00 48 8b
0x00000001800087ed:   c3 48 8b 5c 24 30 48 8b 74 24 38 48 83 c4 20 5f 


Register to memory mapping:

RAX=0x0000000000000000 is an unknown value
RBX=0x000000001bad0ef0 is an unknown value
RCX=0x0000000000000002 is an unknown value
RDX=0x0000000000000000 is an unknown value
RSP=0x000000001ae7c9f0 is pointing into the stack for thread: 0x0000000019df7000
RBP=0x000000001ae7cc68 is pointing into the stack for thread: 0x0000000019df7000
RSI=0x00000000194e8479 is an unknown value
RDI=0x000000001bad1110 is an unknown value
R8 =0x0000000000000000 is an unknown value
R9 =0x0000000000000000 is an unknown value
R10=0x000000001bad0000 is an unknown value
R11=0x0000000000000001 is an unknown value
R12=0x000000001ae7cc70 is pointing into the stack for thread: 0x0000000019df7000
R13=0x000000001aff67f0 is pointing into metadata
R14=0x000000001ae7cc70 is pointing into the stack for thread: 0x0000000019df7000
R15=0x0000000019df7000 is a thread


Stack: [0x000000001ad80000,0x000000001ae80000],  sp=0x000000001ae7c9f0,  free space=1010k
Native frames: (J=compiled Java code, j=interpreted, Vv=VM code, C=native code)
C  [rxtxSerial.dll+0x87dd]
C  [rxtxSerial.dll+0xaab4]
C  [rxtxSerial.dll+0x213d]
C  0x0000000002e28a77

Java frames: (J=compiled Java code, j=interpreted, Vv=VM code)
j  gnu.io.RXTXPort.open(Ljava/lang/String;)I+0
j  gnu.io.RXTXPort.<init>(Ljava/lang/String;)V+125
j  gnu.io.RXTXCommDriver.getCommPort(Ljava/lang/String;I)Lgnu/io/CommPort;+78
j  gnu.io.CommPortIdentifier.open(Ljava/lang/String;I)Lgnu/io/CommPort;+171
j  capadeenlace.Emisor.abrirActionPerformed(Ljava/awt/event/ActionEvent;)V+142
j  capadeenlace.Emisor.access$100(Lcapadeenlace/Emisor;Ljava/awt/event/ActionEvent;)V+2
j  capadeenlace.Emisor$2.actionPerformed(Ljava/awt/event/ActionEvent;)V+5
j  javax.swing.AbstractButton.fireActionPerformed(Ljava/awt/event/ActionEvent;)V+83
j  javax.swing.AbstractButton$Handler.actionPerformed(Ljava/awt/event/ActionEvent;)V+5
j  javax.swing.DefaultButtonModel.fireActionPerformed(Ljava/awt/event/ActionEvent;)V+34
j  javax.swing.DefaultButtonModel.setPressed(Z)V+117
j  javax.swing.plaf.basic.BasicButtonListener.mouseReleased(Ljava/awt/event/MouseEvent;)V+35
j  java.awt.Component.processMouseEvent(Ljava/awt/event/MouseEvent;)V+64
j  javax.swing.JComponent.processMouseEvent(Ljava/awt/event/MouseEvent;)V+23
J 884 C1 java.awt.Component.processEvent(Ljava/awt/AWTEvent;)V (220 bytes) @ 0x0000000003121ae4 [0x00000000031215c0+0x524]
J 987 C1 java.awt.Container.processEvent(Ljava/awt/AWTEvent;)V (22 bytes) @ 0x000000000317910c [0x0000000003178de0+0x32c]
J 886 C1 java.awt.Component.dispatchEventImpl(Ljava/awt/AWTEvent;)V (883 bytes) @ 0x000000000312a65c [0x0000000003125180+0x54dc]
J 769 C1 java.awt.Container.dispatchEventImpl(Ljava/awt/AWTEvent;)V (129 bytes) @ 0x00000000030ac0c4 [0x00000000030abf80+0x144]
J 863 C1 java.awt.LightweightDispatcher.retargetMouseEvent(Ljava/awt/Component;ILjava/awt/event/MouseEvent;)V (350 bytes) @ 0x00000000030f6a1c [0x00000000030f4460+0x25bc]
J 997 C1 java.awt.LightweightDispatcher.processMouseEvent(Ljava/awt/event/MouseEvent;)Z (286 bytes) @ 0x0000000003187c0c [0x0000000003186500+0x170c]
J 907 C1 java.awt.LightweightDispatcher.dispatchEvent(Ljava/awt/AWTEvent;)Z (73 bytes) @ 0x00000000031421bc [0x0000000003141d80+0x43c]
J 769 C1 java.awt.Container.dispatchEventImpl(Ljava/awt/AWTEvent;)V (129 bytes) @ 0x00000000030ac064 [0x00000000030abf80+0xe4]
J 918 C1 java.awt.Window.dispatchEventImpl(Ljava/awt/AWTEvent;)V (23 bytes) @ 0x0000000003145224 [0x0000000003144c40+0x5e4]
J 899 C1 java.awt.EventQueue.dispatchEventImpl(Ljava/awt/AWTEvent;Ljava/lang/Object;)V (149 bytes) @ 0x0000000003138e3c [0x0000000003137600+0x183c]
J 901 C1 java.awt.EventQueue$3.run()Ljava/lang/Void; (60 bytes) @ 0x000000000313a20c [0x000000000313a000+0x20c]
J 839 C1 java.awt.EventQueue$3.run()Ljava/lang/Object; (5 bytes) @ 0x00000000030cf54c [0x00000000030cf4c0+0x8c]
v  ~StubRoutines::call_stub
J 713  java.security.AccessController.doPrivileged(Ljava/security/PrivilegedAction;Ljava/security/AccessControlContext;)Ljava/lang/Object; (0 bytes) @ 0x000000000308dba6 [0x000000000308db40+0x66]
J 966 C1 java.awt.EventQueue$4.run()Ljava/lang/Object; (5 bytes) @ 0x0000000003164aac [0x0000000003164680+0x42c]
v  ~StubRoutines::call_stub
J 713  java.security.AccessController.doPrivileged(Ljava/security/PrivilegedAction;Ljava/security/AccessControlContext;)Ljava/lang/Object; (0 bytes) @ 0x000000000308dba6 [0x000000000308db40+0x66]
J 762 C1 java.awt.EventQueue.dispatchEvent(Ljava/awt/AWTEvent;)V (80 bytes) @ 0x00000000030a773c [0x00000000030a68c0+0xe7c]
J 902 C1 java.awt.EventDispatchThread.pumpOneEventForFilters(I)V (295 bytes) @ 0x000000000313c624 [0x000000000313aac0+0x1b64]
j  java.awt.EventDispatchThread.pumpEventsForFilter(ILjava/awt/Conditional;Ljava/awt/EventFilter;)V+35
j  java.awt.EventDispatchThread.pumpEventsForHierarchy(ILjava/awt/Conditional;Ljava/awt/Component;)V+11
j  java.awt.EventDispatchThread.pumpEvents(ILjava/awt/Conditional;)V+4
j  java.awt.EventDispatchThread.pumpEvents(Ljava/awt/Conditional;)V+3
j  java.awt.EventDispatchThread.run()V+9
v  ~StubRoutines::call_stub

---------------  P R O C E S S  ---------------

Java Threads: ( => current thread )
  0x000000001a3f5800 JavaThread "Thread-3" [_thread_in_native, id=9928, stack(0x000000001c6e0000,0x000000001c7e0000)]
  0x0000000019446800 JavaThread "TimerQueue" daemon [_thread_blocked, id=9048, stack(0x000000001c5e0000,0x000000001c6e0000)]
  0x0000000002d10800 JavaThread "DestroyJavaVM" [_thread_blocked, id=1332, stack(0x0000000002c10000,0x0000000002d10000)]
=>0x0000000019df7000 JavaThread "AWT-EventQueue-0" [_thread_in_native, id=11868, stack(0x000000001ad80000,0x000000001ae80000)]
  0x00000000196d6800 JavaThread "AWT-Windows" daemon [_thread_in_native, id=3144, stack(0x0000000019c90000,0x0000000019d90000)]
  0x00000000196d4000 JavaThread "AWT-Shutdown" [_thread_blocked, id=6312, stack(0x0000000019b90000,0x0000000019c90000)]
  0x00000000196d2000 JavaThread "Java2D Disposer" daemon [_thread_blocked, id=9112, stack(0x0000000019a10000,0x0000000019b10000)]
  0x0000000019301000 JavaThread "Service Thread" daemon [_thread_blocked, id=11964, stack(0x00000000196e0000,0x00000000197e0000)]
  0x00000000179c4000 JavaThread "C1 CompilerThread2" daemon [_thread_blocked, id=11296, stack(0x00000000191e0000,0x00000000192e0000)]
  0x0000000017986000 JavaThread "C2 CompilerThread1" daemon [_thread_blocked, id=1028, stack(0x00000000190e0000,0x00000000191e0000)]
  0x000000001797c800 JavaThread "C2 CompilerThread0" daemon [_thread_blocked, id=8660, stack(0x0000000018fe0000,0x00000000190e0000)]
  0x000000001797b000 JavaThread "Attach Listener" daemon [_thread_blocked, id=5404, stack(0x0000000018ee0000,0x0000000018fe0000)]
  0x000000001797a000 JavaThread "Signal Dispatcher" daemon [_thread_blocked, id=3840, stack(0x0000000018de0000,0x0000000018ee0000)]
  0x0000000002e0d800 JavaThread "Finalizer" daemon [_thread_blocked, id=5812, stack(0x0000000018bf0000,0x0000000018cf0000)]
  0x0000000002e01000 JavaThread "Reference Handler" daemon [_thread_blocked, id=7604, stack(0x0000000018af0000,0x0000000018bf0000)]

Other Threads:
  0x0000000017946800 VMThread [stack: 0x00000000189f0000,0x0000000018af0000] [id=8320]
  0x000000001932c800 WatcherThread [stack: 0x00000000197e0000,0x00000000198e0000] [id=9596]

VM state:not at safepoint (normal execution)

VM Mutex/Monitor currently owned by a thread: None

Heap:
 PSYoungGen      total 38400K, used 11848K [0x00000000d5c00000, 0x00000000d8680000, 0x0000000100000000)
  eden space 33280K, 35% used [0x00000000d5c00000,0x00000000d67921f8,0x00000000d7c80000)
  from space 5120K, 0% used [0x00000000d8180000,0x00000000d8180000,0x00000000d8680000)
  to   space 5120K, 0% used [0x00000000d7c80000,0x00000000d7c80000,0x00000000d8180000)
 ParOldGen       total 87552K, used 0K [0x0000000081400000, 0x0000000086980000, 0x00000000d5c00000)
  object space 87552K, 0% used [0x0000000081400000,0x0000000081400000,0x0000000086980000)
 Metaspace       used 12285K, capacity 12522K, committed 12672K, reserved 1060864K
  class space    used 1542K, capacity 1643K, committed 1664K, reserved 1048576K

Card table byte_map: [0x00000000121d0000,0x00000000125d0000] byte_map_base: 0x0000000011dc6000

Marking Bits: (ParMarkBitMap*) 0x0000000063afd850
 Begin Bits: [0x0000000012c80000, 0x0000000014c30000)
 End Bits:   [0x0000000014c30000, 0x0000000016be0000)

Polling page: 0x0000000000e10000

CodeCache: size=245760Kb used=4046Kb max_used=4046Kb free=241713Kb
 bounds [0x0000000002e10000, 0x0000000003210000, 0x0000000011e10000]
 total_blobs=1670 nmethods=1186 adapters=396
 compilation: enabled

Compilation events (10 events):
Event: 19.713 Thread 0x00000000179c4000 1182       3       sun.java2d.SunGraphics2D::getClipBounds (21 bytes)
Event: 19.714 Thread 0x00000000179c4000 nmethod 1182 0x00000000031fdf90 code [0x00000000031fe120, 0x00000000031fe5c8]
Event: 19.714 Thread 0x00000000179c4000 1183       3       sun.java2d.SunGraphics2D::getClipBounds (102 bytes)
Event: 19.717 Thread 0x00000000179c4000 nmethod 1183 0x00000000031fe810 code [0x00000000031feac0, 0x0000000003200228]
Event: 19.717 Thread 0x00000000179c4000 1184       3       javax.swing.DefaultButtonModel::isPressed (15 bytes)
Event: 19.718 Thread 0x00000000179c4000 nmethod 1184 0x00000000031fadd0 code [0x00000000031faf20, 0x00000000031fb0d0]
Event: 19.718 Thread 0x00000000179c4000 1185       3       sun.java2d.loops.CompositeType::equals (29 bytes)
Event: 19.719 Thread 0x00000000179c4000 nmethod 1185 0x0000000003200950 code [0x0000000003200ac0, 0x0000000003200eb0]
Event: 19.719 Thread 0x00000000179c4000 1186       3       sun.java2d.loops.Blit::getFromCache (132 bytes)
Event: 19.726 Thread 0x00000000179c4000 nmethod 1186 0x0000000003200f90 code [0x00000000032013c0, 0x0000000003203d78]

GC Heap History (0 events):
No events

Deoptimization events (4 events):
Event: 9.830 Thread 0x0000000019df7000 Uncommon trap: reason=class_check action=maybe_recompile pc=0x0000000002f7ad68 method=java.lang.String.equals(Ljava/lang/Object;)Z @ 8
Event: 9.830 Thread 0x0000000019df7000 Uncommon trap: reason=class_check action=maybe_recompile pc=0x0000000002f7ad68 method=java.lang.String.equals(Ljava/lang/Object;)Z @ 8
Event: 9.979 Thread 0x0000000019df7000 Uncommon trap: reason=class_check action=maybe_recompile pc=0x0000000002f7ad68 method=java.lang.String.equals(Ljava/lang/Object;)Z @ 8
Event: 9.979 Thread 0x0000000019df7000 Uncommon trap: reason=class_check action=maybe_recompile pc=0x0000000002f7ad68 method=java.lang.String.equals(Ljava/lang/Object;)Z @ 8

Internal exceptions (10 events):
Event: 0.151 Thread 0x0000000002d10800 Exception <a 'java/io/FileNotFoundException'> (0x00000000d5d5d588) thrown at [C:\re\workspace\8-2-build-windows-amd64-cygwin\jdk8u144\9417\hotspot\src\share\vm\prims\jni.cpp, line 709]
Event: 0.188 Thread 0x0000000002d10800 Exception <a 'java/lang/NoSuchFieldError': method resolution failed> (0x00000000d5e2a820) thrown at [C:\re\workspace\8-2-build-windows-amd64-cygwin\jdk8u144\9417\hotspot\src\share\vm\prims\methodHandles.cpp, line 1146]
Event: 0.191 Thread 0x0000000002d10800 Exception <a 'java/lang/NoSuchFieldError': method resolution failed> (0x00000000d5e37bf0) thrown at [C:\re\workspace\8-2-build-windows-amd64-cygwin\jdk8u144\9417\hotspot\src\share\vm\prims\methodHandles.cpp, line 1146]
Event: 0.238 Thread 0x0000000002d10800 Exception <a 'java/io/FileNotFoundException'> (0x00000000d5ed40b8) thrown at [C:\re\workspace\8-2-build-windows-amd64-cygwin\jdk8u144\9417\hotspot\src\share\vm\prims\jni.cpp, line 709]
Event: 0.534 Thread 0x0000000002d10800 Exception <a 'java/io/FileNotFoundException'> (0x00000000d622a570) thrown at [C:\re\workspace\8-2-build-windows-amd64-cygwin\jdk8u144\9417\hotspot\src\share\vm\prims\jni.cpp, line 709]
Event: 0.538 Thread 0x0000000002d10800 Exception <a 'java/io/FileNotFoundException'> (0x00000000d6240d20) thrown at [C:\re\workspace\8-2-build-windows-amd64-cygwin\jdk8u144\9417\hotspot\src\share\vm\prims\jni.cpp, line 709]
Event: 0.540 Thread 0x0000000002d10800 Exception <a 'java/io/FileNotFoundException'> (0x00000000d6257ae8) thrown at [C:\re\workspace\8-2-build-windows-amd64-cygwin\jdk8u144\9417\hotspot\src\share\vm\prims\jni.cpp, line 709]
Event: 0.542 Thread 0x0000000002d10800 Exception <a 'java/io/FileNotFoundException'> (0x00000000d626dd30) thrown at [C:\re\workspace\8-2-build-windows-amd64-cygwin\jdk8u144\9417\hotspot\src\share\vm\prims\jni.cpp, line 709]
Event: 2.640 Thread 0x0000000002d10800 Exception <a 'java/io/FileNotFoundException'> (0x00000000d62d1d30) thrown at [C:\re\workspace\8-2-build-windows-amd64-cygwin\jdk8u144\9417\hotspot\src\share\vm\prims\jni.cpp, line 709]
Event: 2.644 Thread 0x0000000002d10800 Exception <a 'java/io/FileNotFoundException'> (0x00000000d62e7f78) thrown at [C:\re\workspace\8-2-build-windows-amd64-cygwin\jdk8u144\9417\hotspot\src\share\vm\prims\jni.cpp, line 709]

Events (10 events):
Event: 13.140 loading class sun/awt/UngrabEvent
Event: 13.140 loading class sun/awt/UngrabEvent done
Event: 13.799 loading class javax/swing/plaf/basic/BasicPopupMenuUI$MouseGrabber$2
Event: 13.799 loading class javax/swing/plaf/basic/BasicPopupMenuUI$MouseGrabber$2 done
Event: 14.254 Thread 0x000000001a3f5800 Thread added: 0x000000001a3f5800
Event: 14.259 Thread 0x0000000019533800 Thread added: 0x0000000019533800
Event: 16.259 Executing VM operation: RevokeBias
Event: 16.259 Executing VM operation: RevokeBias done
Event: 16.260 Thread 0x0000000019533800 Thread exited: 0x0000000019533800
Event: 18.366 Thread 0x00000000195bd800 Thread exited: 0x00000000195bd800


Dynamic libraries:
0x00007ff6d8330000 - 0x00007ff6d8367000 	C:\Program Files\Java\jdk1.8.0_144\jre\bin\java.exe
0x00007fffc3e90000 - 0x00007fffc406b000 	C:\WINDOWS\SYSTEM32\ntdll.dll
0x00007fffc2d50000 - 0x00007fffc2dfe000 	C:\WINDOWS\System32\KERNEL32.DLL
0x00007fffc0bd0000 - 0x00007fffc0e19000 	C:\WINDOWS\System32\KERNELBASE.dll
0x00007fffc3de0000 - 0x00007fffc3e81000 	C:\WINDOWS\System32\ADVAPI32.dll
0x00007fffc1850000 - 0x00007fffc18ed000 	C:\WINDOWS\System32\msvcrt.dll
0x00007fffc2fc0000 - 0x00007fffc3019000 	C:\WINDOWS\System32\sechost.dll
0x00007fffc3b00000 - 0x00007fffc3c25000 	C:\WINDOWS\System32\RPCRT4.dll
0x00007fffc2e00000 - 0x00007fffc2f4a000 	C:\WINDOWS\System32\USER32.dll
0x00007fffc0bb0000 - 0x00007fffc0bce000 	C:\WINDOWS\System32\win32u.dll
0x00007fffc3760000 - 0x00007fffc3787000 	C:\WINDOWS\System32\GDI32.dll
0x00007fffc0ed0000 - 0x00007fffc1057000 	C:\WINDOWS\System32\gdi32full.dll
0x00007fffc0ab0000 - 0x00007fffc0b4a000 	C:\WINDOWS\System32\msvcp_win.dll
0x00007fffc12a0000 - 0x00007fffc1396000 	C:\WINDOWS\System32\ucrtbase.dll
0x00007fffba3b0000 - 0x00007fffba617000 	C:\WINDOWS\WinSxS\amd64_microsoft.windows.common-controls_6595b64144ccf1df_6.0.15063.483_none_26002d27e7c744a2\COMCTL32.dll
0x00007fffc3800000 - 0x00007fffc3af9000 	C:\WINDOWS\System32\combase.dll
0x00007fffc1060000 - 0x00007fffc10ca000 	C:\WINDOWS\System32\bcryptPrimitives.dll
0x00007fffc3cf0000 - 0x00007fffc3d1d000 	C:\WINDOWS\System32\IMM32.DLL
0x0000000063f20000 - 0x0000000063ff2000 	C:\Program Files\Java\jdk1.8.0_144\jre\bin\msvcr100.dll
0x00000000632e0000 - 0x0000000063b7d000 	C:\Program Files\Java\jdk1.8.0_144\jre\bin\server\jvm.dll
0x00007fffc3d20000 - 0x00007fffc3d28000 	C:\WINDOWS\System32\PSAPI.DLL
0x00007fffb1bf0000 - 0x00007fffb1bf9000 	C:\WINDOWS\SYSTEM32\WSOCK32.dll
0x00007fffba710000 - 0x00007fffba733000 	C:\WINDOWS\SYSTEM32\WINMM.dll
0x00007fffc2f50000 - 0x00007fffc2fbc000 	C:\WINDOWS\System32\WS2_32.dll
0x00007fffb3920000 - 0x00007fffb392a000 	C:\WINDOWS\SYSTEM32\VERSION.dll
0x00007fffba6b0000 - 0x00007fffba6db000 	C:\WINDOWS\SYSTEM32\WINMMBASE.dll
0x00007fffc13a0000 - 0x00007fffc13e9000 	C:\WINDOWS\System32\cfgmgr32.dll
0x0000000066ce0000 - 0x0000000066cef000 	C:\Program Files\Java\jdk1.8.0_144\jre\bin\verify.dll
0x0000000066840000 - 0x0000000066869000 	C:\Program Files\Java\jdk1.8.0_144\jre\bin\java.dll
0x0000000066cc0000 - 0x0000000066cd6000 	C:\Program Files\Java\jdk1.8.0_144\jre\bin\zip.dll
0x00007fffc18f0000 - 0x00007fffc2d26000 	C:\WINDOWS\System32\SHELL32.dll
0x00007fffc3d30000 - 0x00007fffc3dda000 	C:\WINDOWS\System32\shcore.dll
0x00007fffc03b0000 - 0x00007fffc0aa1000 	C:\WINDOWS\System32\windows.storage.dll
0x00007fffc3c90000 - 0x00007fffc3ce1000 	C:\WINDOWS\System32\shlwapi.dll
0x00007fffc0320000 - 0x00007fffc0331000 	C:\WINDOWS\System32\kernel.appcore.dll
0x00007fffc0360000 - 0x00007fffc03ac000 	C:\WINDOWS\System32\powrprof.dll
0x00007fffc0300000 - 0x00007fffc0315000 	C:\WINDOWS\System32\profapi.dll
0x0000000063d80000 - 0x0000000063f18000 	C:\Program Files\Java\jdk1.8.0_144\jre\bin\awt.dll
0x00007fffc30c0000 - 0x00007fffc3180000 	C:\WINDOWS\System32\OLEAUT32.dll
0x00007fffbe950000 - 0x00007fffbe9ce000 	C:\WINDOWS\SYSTEM32\apphelp.dll
0x00007fffbc890000 - 0x00007fffbc8ba000 	C:\WINDOWS\system32\DWMAPI.DLL
0x00007fffbeaf0000 - 0x00007fffbeb85000 	C:\WINDOWS\system32\uxtheme.dll
0x00007fffa9200000 - 0x00007fffa9321000 	C:\WINDOWS\system32\opengl32.dll
0x00007fffb56d0000 - 0x00007fffb56fc000 	C:\WINDOWS\SYSTEM32\GLU32.dll
0x00007fffc1580000 - 0x00007fffc16e6000 	C:\WINDOWS\System32\MSCTF.dll
0x00007fffc16f0000 - 0x00007fffc1835000 	C:\WINDOWS\System32\ole32.dll
0x0000000066760000 - 0x00000000667a7000 	C:\Program Files\Java\jdk1.8.0_144\jre\bin\fontmanager.dll
0x0000000066820000 - 0x000000006683a000 	C:\Program Files\Java\jdk1.8.0_144\jre\bin\net.dll
0x00007fffbfc10000 - 0x00007fffbfc6c000 	C:\WINDOWS\system32\mswsock.dll
0x00000000667b0000 - 0x00000000667c1000 	C:\Program Files\Java\jdk1.8.0_144\jre\bin\nio.dll
0x0000000066510000 - 0x0000000066552000 	C:\Program Files\Java\jdk1.8.0_144\jre\bin\t2k.dll
0x00007fffc3020000 - 0x00007fffc30be000 	C:\WINDOWS\System32\clbcatq.dll
0x00007fffb9600000 - 0x00007fffb97ac000 	C:\WINDOWS\SYSTEM32\WindowsCodecs.dll
0x00007fffaeb60000 - 0x00007fffaeba7000 	C:\WINDOWS\system32\dataexchange.dll
0x00007fffbd5e0000 - 0x00007fffbd8bf000 	C:\WINDOWS\system32\d3d11.dll
0x00007fffbe3a0000 - 0x00007fffbe4c2000 	C:\WINDOWS\system32\dcomp.dll
0x00007fffbf250000 - 0x00007fffbf2f4000 	C:\WINDOWS\system32\dxgi.dll
0x00007fffbecf0000 - 0x00007fffbee60000 	C:\WINDOWS\system32\twinapi.appcore.dll
0x00007fffbfec0000 - 0x00007fffbfee5000 	C:\WINDOWS\system32\bcrypt.dll
0x0000000180000000 - 0x0000000180025000 	C:\Program Files\Java\jdk1.8.0_144\jre\bin\rxtxSerial.dll
0x00007fffba760000 - 0x00007fffba7e2000 	C:\WINDOWS\System32\TextInputFramework.dll
0x00007fffb9230000 - 0x00007fffb9502000 	C:\WINDOWS\System32\CoreUIComponents.dll
0x00007fffbe2b0000 - 0x00007fffbe393000 	C:\WINDOWS\System32\CoreMessaging.dll
0x00007fffbf510000 - 0x00007fffbf541000 	C:\WINDOWS\SYSTEM32\ntmarta.dll
0x00007fffbd3c0000 - 0x00007fffbd4f9000 	C:\WINDOWS\SYSTEM32\wintypes.dll
0x00007fffba960000 - 0x00007fffba975000 	C:\WINDOWS\SYSTEM32\usermgrcli.dll
0x00007fffbce00000 - 0x00007fffbcfa9000 	C:\WINDOWS\SYSTEM32\dbghelp.dll

VM Arguments:
jvm_args: -Dfile.encoding=UTF-8 
java_command: capadeenlace.Inicio
java_class_path (initial): C:\Users\jafidiesel\Documents\git\capadeenlace\capaDeEnlace\RXTXcomm.jar;C:\Users\jafidiesel\Documents\git\capadeenlace\capaDeEnlace\build\classes
Launcher Type: SUN_STANDARD

Environment Variables:
PATH=C:\Program Files (x86)\Intel\iCLS Client\;C:\Program Files\Intel\iCLS Client\;C:\WINDOWS\system32;C:\WINDOWS;C:\WINDOWS\System32\Wbem;C:\WINDOWS\System32\WindowsPowerShell\v1.0\;C:\Program Files (x86)\Intel\Intel(R) Management Engine Components\DAL;C:\Program Files\Intel\Intel(R) Management Engine Components\DAL;C:\Program Files (x86)\Intel\Intel(R) Management Engine Components\IPT;C:\Program Files\Intel\Intel(R) Management Engine Components\IPT;C:\Program Files\Git\cmd;C:\Program Files (x86)\Brackets\command;C:\Users\jafidiesel\AppData\Local\Microsoft\WindowsApps;
USERNAME=jafidiesel
OS=Windows_NT
PROCESSOR_IDENTIFIER=Intel64 Family 6 Model 142 Stepping 9, GenuineIntel



---------------  S Y S T E M  ---------------

OS: Windows 10.0 , 64 bit Build 15063 (10.0.15063.296)

CPU:total 4 (initial active 4) (2 cores per cpu, 2 threads per core) family 6 model 142 stepping 9, cmov, cx8, fxsr, mmx, sse, sse2, sse3, ssse3, sse4.1, sse4.2, popcnt, avx, avx2, aes, clmul, erms, 3dnowpref, lzcnt, ht, tsc, tscinvbit, bmi1, bmi2, adx

Memory: 4k page, physical 8303748k(3236440k free), swap 9614468k(2951996k free)

vm_info: Java HotSpot(TM) 64-Bit Server VM (25.144-b01) for windows-amd64 JRE (1.8.0_144-b01), built on Jul 21 2017 21:57:33 by "java_re" with MS VC++ 10.0 (VS2010)

time: Thu Oct 12 15:22:34 2017
elapsed time: 19 seconds (0d 0h 0m 19s)

